{
  "uid" : "7b8b75ab917ce511",
  "name" : "Case_002-登录成功",
  "fullName" : "testcase.TestKeywords.TestKeyword#test_run",
  "historyId" : "09d1def909cb056249b96d75b8c275b2",
  "time" : {
    "start" : 1617846083444,
    "stop" : 1617846090983,
    "duration" : 7539
  },
  "status" : "failed",
  "statusMessage" : "AssertionError",
  "statusTrace" : "self = <testcase.TestKeywords.TestKeyword object at 0x00000203316EE208>\nstart_appium_desired = <appium.webdriver.webdriver.WebDriver (session=\"ea2478b0-8e38-47ee-8da3-cf40b20d40cd\")>\nrun_case = {'CASE_ID': 'Case_002', 'TC_ID': 'TC_Login', '备注': '登录功能测试', '描述': '自动登录测试', ...}\n\n    @pytest.mark.parametrize(\"run_case\", run_list)\n    def test_run(self, start_appium_desired, run_case):\n        self.driver = start_appium_desired\n        self.driver.launch_app()\n    \n        log.info(\"执行用例内容{}\".format(run_case))\n>       Operate(self.driver).step(data, run_case)\n\ntestcase\\TestKeywords.py:33: \n_ _ _ _ _ _ _ _ _ _ _ _ _ _ _ _ _ _ _ _ _ _ _ _ _ _ _ _ _ _ _ _ _ _ _ _ _ _ _ _\nbase\\BaseAction.py:127: in get_err_screenshot\n    raise e\nbase\\BaseAction.py:121: in get_err_screenshot\n    func(self, *args, **kwargs)\ntestcase\\operate\\KeywordOperatePytest.py:106: in step\n    action_method(**param_value)\n_ _ _ _ _ _ _ _ _ _ _ _ _ _ _ _ _ _ _ _ _ _ _ _ _ _ _ _ _ _ _ _ _ _ _ _ _ _ _ _\n\nself = <base.BaseAction.Action object at 0x00000203320B5588>\nkwargs = {'by': 'xpath', 'expect': '', 'value': '//*[contains(@text,\\'\" + text + \"\\')]'}\ntoast_result = True\n\n    def assert_toast_result(self, **kwargs):\n        toast_result = self.is_toast_get_toast(**kwargs)\n>       assert toast_result == False\nE       AssertionError\n\nbase\\BaseAction.py:105: AssertionError",
  "flaky" : false,
  "beforeStages" : [ {
    "name" : "start_appium_desired",
    "time" : {
      "start" : 1617846071015,
      "stop" : 1617846083442,
      "duration" : 12427
    },
    "status" : "passed",
    "steps" : [ ],
    "attachments" : [ ],
    "parameters" : [ ],
    "shouldDisplayMessage" : false,
    "attachmentsCount" : 0,
    "hasContent" : false,
    "stepsCount" : 0
  }, {
    "name" : "cmdopt",
    "time" : {
      "start" : 1617846071015,
      "stop" : 1617846071015,
      "duration" : 0
    },
    "status" : "passed",
    "steps" : [ ],
    "attachments" : [ ],
    "parameters" : [ ],
    "shouldDisplayMessage" : false,
    "attachmentsCount" : 0,
    "hasContent" : false,
    "stepsCount" : 0
  } ],
  "testStage" : {
    "status" : "failed",
    "statusMessage" : "AssertionError",
    "statusTrace" : "self = <testcase.TestKeywords.TestKeyword object at 0x00000203316EE208>\nstart_appium_desired = <appium.webdriver.webdriver.WebDriver (session=\"ea2478b0-8e38-47ee-8da3-cf40b20d40cd\")>\nrun_case = {'CASE_ID': 'Case_002', 'TC_ID': 'TC_Login', '备注': '登录功能测试', '描述': '自动登录测试', ...}\n\n    @pytest.mark.parametrize(\"run_case\", run_list)\n    def test_run(self, start_appium_desired, run_case):\n        self.driver = start_appium_desired\n        self.driver.launch_app()\n    \n        log.info(\"执行用例内容{}\".format(run_case))\n>       Operate(self.driver).step(data, run_case)\n\ntestcase\\TestKeywords.py:33: \n_ _ _ _ _ _ _ _ _ _ _ _ _ _ _ _ _ _ _ _ _ _ _ _ _ _ _ _ _ _ _ _ _ _ _ _ _ _ _ _\nbase\\BaseAction.py:127: in get_err_screenshot\n    raise e\nbase\\BaseAction.py:121: in get_err_screenshot\n    func(self, *args, **kwargs)\ntestcase\\operate\\KeywordOperatePytest.py:106: in step\n    action_method(**param_value)\n_ _ _ _ _ _ _ _ _ _ _ _ _ _ _ _ _ _ _ _ _ _ _ _ _ _ _ _ _ _ _ _ _ _ _ _ _ _ _ _\n\nself = <base.BaseAction.Action object at 0x00000203320B5588>\nkwargs = {'by': 'xpath', 'expect': '', 'value': '//*[contains(@text,\\'\" + text + \"\\')]'}\ntoast_result = True\n\n    def assert_toast_result(self, **kwargs):\n        toast_result = self.is_toast_get_toast(**kwargs)\n>       assert toast_result == False\nE       AssertionError\n\nbase\\BaseAction.py:105: AssertionError",
    "steps" : [ {
      "name" : "输入用户名",
      "time" : {
        "start" : 1617846084819,
        "stop" : 1617846087253,
        "duration" : 2434
      },
      "status" : "passed",
      "steps" : [ ],
      "attachments" : [ ],
      "parameters" : [ ],
      "shouldDisplayMessage" : false,
      "attachmentsCount" : 0,
      "hasContent" : false,
      "stepsCount" : 0
    }, {
      "name" : "输入密码",
      "time" : {
        "start" : 1617846087254,
        "stop" : 1617846088938,
        "duration" : 1684
      },
      "status" : "passed",
      "steps" : [ ],
      "attachments" : [ ],
      "parameters" : [ ],
      "shouldDisplayMessage" : false,
      "attachmentsCount" : 0,
      "hasContent" : false,
      "stepsCount" : 0
    }, {
      "name" : "点击同意协议",
      "time" : {
        "start" : 1617846088939,
        "stop" : 1617846089578,
        "duration" : 639
      },
      "status" : "passed",
      "steps" : [ ],
      "attachments" : [ ],
      "parameters" : [ ],
      "shouldDisplayMessage" : false,
      "attachmentsCount" : 0,
      "hasContent" : false,
      "stepsCount" : 0
    }, {
      "name" : "点击登录",
      "time" : {
        "start" : 1617846089580,
        "stop" : 1617846090149,
        "duration" : 569
      },
      "status" : "passed",
      "steps" : [ ],
      "attachments" : [ ],
      "parameters" : [ ],
      "shouldDisplayMessage" : false,
      "attachmentsCount" : 0,
      "hasContent" : false,
      "stepsCount" : 0
    }, {
      "name" : "获取验证",
      "time" : {
        "start" : 1617846090151,
        "stop" : 1617846090817,
        "duration" : 666
      },
      "status" : "failed",
      "statusMessage" : "AssertionError\n",
      "statusTrace" : "  File \"D:\\appiumdm\\Appium_AutoTest\\testcase\\operate\\KeywordOperatePytest.py\", line 106, in step\n    action_method(**param_value)\n  File \"D:\\appiumdm\\Appium_AutoTest\\base\\BaseAction.py\", line 105, in assert_toast_result\n    assert toast_result == False\n",
      "steps" : [ ],
      "attachments" : [ ],
      "parameters" : [ ],
      "shouldDisplayMessage" : true,
      "attachmentsCount" : 0,
      "hasContent" : true,
      "stepsCount" : 0
    } ],
    "attachments" : [ {
      "uid" : "6b0ad48aa6826ae0",
      "name" : "2021-04-08 09:41:30",
      "source" : "6b0ad48aa6826ae0.png",
      "type" : "image/png",
      "size" : 171746
    }, {
      "uid" : "92968e36fdf333c5",
      "name" : "log",
      "source" : "92968e36fdf333c5.txt",
      "type" : "text/plain",
      "size" : 2918
    } ],
    "parameters" : [ ],
    "shouldDisplayMessage" : true,
    "attachmentsCount" : 2,
    "hasContent" : true,
    "stepsCount" : 5
  },
  "afterStages" : [ ],
  "labels" : [ {
    "name" : "feature",
    "value" : "登录功能测试"
  }, {
    "name" : "story",
    "value" : "自动登录测试"
  }, {
    "name" : "parentSuite",
    "value" : "testcase"
  }, {
    "name" : "suite",
    "value" : "TestKeywords"
  }, {
    "name" : "subSuite",
    "value" : "TestKeyword"
  }, {
    "name" : "host",
    "value" : "hanlizhi-pc"
  }, {
    "name" : "thread",
    "value" : "12960-MainThread"
  }, {
    "name" : "framework",
    "value" : "pytest"
  }, {
    "name" : "language",
    "value" : "cpython3"
  }, {
    "name" : "package",
    "value" : "testcase.TestKeywords"
  }, {
    "name" : "resultFormat",
    "value" : "allure2"
  } ],
  "parameters" : [ {
    "name" : "run_case",
    "value" : "{'TC_ID': 'TC_Login', 'CASE_ID': 'Case_002', '是否运行': 'y', '用例名称': '登录成功', '测试数据': 'username=13333333333,password=ty123456', '期望结果': '', '备注': '登录功能测试', '描述': '自动登录测试'}"
  } ],
  "links" : [ ],
  "hidden" : true,
  "retry" : true,
  "extra" : {
    "categories" : [ ],
    "tags" : [ ]
  },
  "source" : "7b8b75ab917ce511.json",
  "parameterValues" : [ "{'TC_ID': 'TC_Login', 'CASE_ID': 'Case_002', '是否运行': 'y', '用例名称': '登录成功', '测试数据': 'username=13333333333,password=ty123456', '期望结果': '', '备注': '登录功能测试', '描述': '自动登录测试'}" ]
}