{
  "uid" : "81972c55878c3c0f",
  "name" : "Case_001-登录失败",
  "fullName" : "testcase.TestKeywords.TestKeyword#test_run",
  "historyId" : "09d1def909cb056249b96d75b8c275b2",
  "time" : {
    "start" : 1617701152887,
    "stop" : 1617701162836,
    "duration" : 9949
  },
  "status" : "failed",
  "statusMessage" : "AssertionError",
  "statusTrace" : "self = <testcase.TestKeywords.TestKeyword object at 0x0000019404AEE2B0>\nstart_appium_desired = <appium.webdriver.webdriver.WebDriver (session=\"78151401-3ec5-4ee0-923d-ec78f545fa8e\")>\nrun_case = {'CASE_ID': 'Case_001', 'TC_ID': 'TC_Login', '备注': '登录功能测试', '描述': '登录测试', ...}\n\n    @pytest.mark.parametrize(\"run_case\", run_list)\n    def test_run(self, start_appium_desired, run_case):\n        self.driver = start_appium_desired\n        self.driver.launch_app()\n        log.info(\"执行用例内容{}\".format(run_case))\n>       Operate(self.driver).step(data, run_case)\n\ntestcase\\TestKeywords.py:32: \n_ _ _ _ _ _ _ _ _ _ _ _ _ _ _ _ _ _ _ _ _ _ _ _ _ _ _ _ _ _ _ _ _ _ _ _ _ _ _ _\nbase\\BaseAction.py:125: in get_err_screenshot\n    raise e\nbase\\BaseAction.py:119: in get_err_screenshot\n    func(self, *args, **kwargs)\ntestcase\\operate\\KeywordOperatePytest.py:107: in step\n    action_method(**param_value)\n_ _ _ _ _ _ _ _ _ _ _ _ _ _ _ _ _ _ _ _ _ _ _ _ _ _ _ _ _ _ _ _ _ _ _ _ _ _ _ _\n\nself = <base.BaseAction.Action object at 0x0000019404A80E80>\nkwargs = {'by': 'xpath', 'expect': '错误', 'value': '//*[contains(@text,\\'\" + text + \"\\')]'}\ntoast_result = True\n\n    def assert_toast_result(self, **kwargs):\n        toast_result = self.is_toast_get_toast(**kwargs)\n>       assert toast_result == False\nE       AssertionError\n\nbase\\BaseAction.py:103: AssertionError",
  "flaky" : false,
  "beforeStages" : [ {
    "name" : "xunit_setup_class_fixture_TestKeyword",
    "time" : {
      "start" : 1617701152886,
      "stop" : 1617701152886,
      "duration" : 0
    },
    "status" : "passed",
    "steps" : [ ],
    "attachments" : [ ],
    "parameters" : [ ],
    "shouldDisplayMessage" : false,
    "attachmentsCount" : 0,
    "hasContent" : false,
    "stepsCount" : 0
  }, {
    "name" : "cmdopt",
    "time" : {
      "start" : 1617701132636,
      "stop" : 1617701132636,
      "duration" : 0
    },
    "status" : "passed",
    "steps" : [ ],
    "attachments" : [ ],
    "parameters" : [ ],
    "shouldDisplayMessage" : false,
    "attachmentsCount" : 0,
    "hasContent" : false,
    "stepsCount" : 0
  }, {
    "name" : "start_appium_desired",
    "time" : {
      "start" : 1617701132636,
      "stop" : 1617701152886,
      "duration" : 20250
    },
    "status" : "passed",
    "steps" : [ ],
    "attachments" : [ ],
    "parameters" : [ ],
    "shouldDisplayMessage" : false,
    "attachmentsCount" : 0,
    "hasContent" : false,
    "stepsCount" : 0
  } ],
  "testStage" : {
    "status" : "failed",
    "statusMessage" : "AssertionError",
    "statusTrace" : "self = <testcase.TestKeywords.TestKeyword object at 0x0000019404AEE2B0>\nstart_appium_desired = <appium.webdriver.webdriver.WebDriver (session=\"78151401-3ec5-4ee0-923d-ec78f545fa8e\")>\nrun_case = {'CASE_ID': 'Case_001', 'TC_ID': 'TC_Login', '备注': '登录功能测试', '描述': '登录测试', ...}\n\n    @pytest.mark.parametrize(\"run_case\", run_list)\n    def test_run(self, start_appium_desired, run_case):\n        self.driver = start_appium_desired\n        self.driver.launch_app()\n        log.info(\"执行用例内容{}\".format(run_case))\n>       Operate(self.driver).step(data, run_case)\n\ntestcase\\TestKeywords.py:32: \n_ _ _ _ _ _ _ _ _ _ _ _ _ _ _ _ _ _ _ _ _ _ _ _ _ _ _ _ _ _ _ _ _ _ _ _ _ _ _ _\nbase\\BaseAction.py:125: in get_err_screenshot\n    raise e\nbase\\BaseAction.py:119: in get_err_screenshot\n    func(self, *args, **kwargs)\ntestcase\\operate\\KeywordOperatePytest.py:107: in step\n    action_method(**param_value)\n_ _ _ _ _ _ _ _ _ _ _ _ _ _ _ _ _ _ _ _ _ _ _ _ _ _ _ _ _ _ _ _ _ _ _ _ _ _ _ _\n\nself = <base.BaseAction.Action object at 0x0000019404A80E80>\nkwargs = {'by': 'xpath', 'expect': '错误', 'value': '//*[contains(@text,\\'\" + text + \"\\')]'}\ntoast_result = True\n\n    def assert_toast_result(self, **kwargs):\n        toast_result = self.is_toast_get_toast(**kwargs)\n>       assert toast_result == False\nE       AssertionError\n\nbase\\BaseAction.py:103: AssertionError",
    "steps" : [ {
      "name" : "输入用户名",
      "time" : {
        "start" : 1617701157052,
        "stop" : 1617701158675,
        "duration" : 1623
      },
      "status" : "passed",
      "steps" : [ ],
      "attachments" : [ ],
      "parameters" : [ ],
      "shouldDisplayMessage" : false,
      "attachmentsCount" : 0,
      "hasContent" : false,
      "stepsCount" : 0
    }, {
      "name" : "输入密码",
      "time" : {
        "start" : 1617701158676,
        "stop" : 1617701160713,
        "duration" : 2037
      },
      "status" : "passed",
      "steps" : [ ],
      "attachments" : [ ],
      "parameters" : [ ],
      "shouldDisplayMessage" : false,
      "attachmentsCount" : 0,
      "hasContent" : false,
      "stepsCount" : 0
    }, {
      "name" : "点击登录",
      "time" : {
        "start" : 1617701160714,
        "stop" : 1617701161331,
        "duration" : 617
      },
      "status" : "passed",
      "steps" : [ ],
      "attachments" : [ ],
      "parameters" : [ ],
      "shouldDisplayMessage" : false,
      "attachmentsCount" : 0,
      "hasContent" : false,
      "stepsCount" : 0
    }, {
      "name" : "获取验证",
      "time" : {
        "start" : 1617701161332,
        "stop" : 1617701162656,
        "duration" : 1324
      },
      "status" : "failed",
      "statusMessage" : "AssertionError\n",
      "statusTrace" : "  File \"D:\\appiumdm\\Appium_AutoTest\\testcase\\operate\\KeywordOperatePytest.py\", line 107, in step\n    action_method(**param_value)\n  File \"D:\\appiumdm\\Appium_AutoTest\\base\\BaseAction.py\", line 103, in assert_toast_result\n    assert toast_result == False\n",
      "steps" : [ ],
      "attachments" : [ ],
      "parameters" : [ ],
      "shouldDisplayMessage" : true,
      "attachmentsCount" : 0,
      "hasContent" : true,
      "stepsCount" : 0
    } ],
    "attachments" : [ {
      "uid" : "1314fe8e37c17a0a",
      "name" : "2021-04-06 17:26:02",
      "source" : "1314fe8e37c17a0a.png",
      "type" : "image/png",
      "size" : 58864
    }, {
      "uid" : "ba14e96c2578fe05",
      "name" : "log",
      "source" : "ba14e96c2578fe05.txt",
      "type" : "text/plain",
      "size" : 2465
    } ],
    "parameters" : [ ],
    "shouldDisplayMessage" : true,
    "attachmentsCount" : 2,
    "hasContent" : true,
    "stepsCount" : 4
  },
  "afterStages" : [ {
    "name" : "xunit_setup_class_fixture_TestKeyword::0",
    "time" : {
      "start" : 1617701164218,
      "stop" : 1617701164223,
      "duration" : 5
    },
    "status" : "broken",
    "statusMessage" : "AttributeError: type object 'TestKeyword' has no attribute 'driver'\n",
    "statusTrace" : "  File \"D:\\daima\\venv\\lib\\site-packages\\allure_commons\\_allure.py\", line 200, in __call__\n    return self._fixture_function(*args, **kwargs)\n  File \"D:\\daima\\venv\\lib\\site-packages\\_pytest\\fixtures.py\", line 941, in _teardown_yield_fixture\n    next(it)\n  File \"D:\\daima\\venv\\lib\\site-packages\\_pytest\\python.py\", line 815, in xunit_setup_class_fixture\n    _call_with_optional_argument(func, self.obj)\n  File \"D:\\daima\\venv\\lib\\site-packages\\_pytest\\python.py\", line 739, in _call_with_optional_argument\n    func(arg)\n  File \"D:\\appiumdm\\Appium_AutoTest\\testcase\\TestKeywords.py\", line 43, in teardown_class\n    self.driver.quit()\n",
    "steps" : [ ],
    "attachments" : [ ],
    "parameters" : [ ],
    "shouldDisplayMessage" : true,
    "attachmentsCount" : 0,
    "hasContent" : true,
    "stepsCount" : 0
  } ],
  "labels" : [ {
    "name" : "feature",
    "value" : "登录功能测试"
  }, {
    "name" : "story",
    "value" : "登录测试"
  }, {
    "name" : "parentSuite",
    "value" : "testcase"
  }, {
    "name" : "suite",
    "value" : "TestKeywords"
  }, {
    "name" : "subSuite",
    "value" : "TestKeyword"
  }, {
    "name" : "host",
    "value" : "hanlizhi-pc"
  }, {
    "name" : "thread",
    "value" : "12736-MainThread"
  }, {
    "name" : "framework",
    "value" : "pytest"
  }, {
    "name" : "language",
    "value" : "cpython3"
  }, {
    "name" : "package",
    "value" : "testcase.TestKeywords"
  }, {
    "name" : "resultFormat",
    "value" : "allure2"
  } ],
  "parameters" : [ {
    "name" : "run_case",
    "value" : "{'TC_ID': 'TC_Login', 'CASE_ID': 'Case_001', '是否运行': 'y', '用例名称': '登录失败', '测试数据': 'username=1312,password=123456', '期望结果': '错误', '备注': '登录功能测试', '描述': '登录测试'}"
  } ],
  "links" : [ ],
  "hidden" : true,
  "retry" : true,
  "extra" : {
    "categories" : [ ],
    "tags" : [ ]
  },
  "source" : "81972c55878c3c0f.json",
  "parameterValues" : [ "{'TC_ID': 'TC_Login', 'CASE_ID': 'Case_001', '是否运行': 'y', '用例名称': '登录失败', '测试数据': 'username=1312,password=123456', '期望结果': '错误', '备注': '登录功能测试', '描述': '登录测试'}" ]
}