{
  "uid" : "a2c2ee410c054ac4",
  "name" : "Case_002-登录成功",
  "fullName" : "testcase.TestKeywords.TestKeyword#test_run",
  "historyId" : "09d1def909cb056249b96d75b8c275b2",
  "time" : {
    "start" : 1617868220048,
    "stop" : 1617868227875,
    "duration" : 7827
  },
  "status" : "failed",
  "statusMessage" : "AssertionError",
  "statusTrace" : "self = <testcase.TestKeywords.TestKeyword object at 0x0000018E2D5ED978>\nstart_appium_desired = <appium.webdriver.webdriver.WebDriver (session=\"378cbee9-e980-4698-885d-3fda9d46a4fb\")>\nrun_case = {'CASE_ID': 'Case_002', 'TC_ID': 'TC_Login', '备注': '登录功能测试', '描述': '自动登录测试', ...}\n\n    @pytest.mark.parametrize(\"run_case\", run_list)\n    def test_run(self, start_appium_desired, run_case):\n        self.driver = start_appium_desired\n        self.driver.launch_app()\n    \n        log.info(\"执行用例内容{}\".format(run_case))\n>       Operate(self.driver).step(data, run_case)\n\ntestcase\\TestKeywords.py:33: \n_ _ _ _ _ _ _ _ _ _ _ _ _ _ _ _ _ _ _ _ _ _ _ _ _ _ _ _ _ _ _ _ _ _ _ _ _ _ _ _\nbase\\BaseAction.py:190: in get_err_screenshot\n    raise e\nbase\\BaseAction.py:184: in get_err_screenshot\n    func(self, *args, **kwargs)\ntestcase\\operate\\KeywordOperatePytest.py:110: in step\n    action_method(**param_value)\n_ _ _ _ _ _ _ _ _ _ _ _ _ _ _ _ _ _ _ _ _ _ _ _ _ _ _ _ _ _ _ _ _ _ _ _ _ _ _ _\n\nself = <base.BaseAction.Action object at 0x0000018E2DFB6EB8>\nkwargs = {'by': 'xpath', 'expect': '', 'value': '//*[contains(@text,\\'\" + text + \"\\')]'}\ntoast_result = True\n\n    def assert_toast_result(self, **kwargs):\n        toast_result = self.is_toast_get_toast(**kwargs)\n>       assert toast_result == False\nE       AssertionError\n\nbase\\BaseAction.py:168: AssertionError",
  "flaky" : false,
  "beforeStages" : [ {
    "name" : "cmdopt",
    "time" : {
      "start" : 1617868201153,
      "stop" : 1617868201153,
      "duration" : 0
    },
    "status" : "passed",
    "steps" : [ ],
    "attachments" : [ ],
    "parameters" : [ ],
    "shouldDisplayMessage" : false,
    "attachmentsCount" : 0,
    "hasContent" : false,
    "stepsCount" : 0
  }, {
    "name" : "start_appium_desired",
    "time" : {
      "start" : 1617868201153,
      "stop" : 1617868220046,
      "duration" : 18893
    },
    "status" : "passed",
    "steps" : [ ],
    "attachments" : [ ],
    "parameters" : [ ],
    "shouldDisplayMessage" : false,
    "attachmentsCount" : 0,
    "hasContent" : false,
    "stepsCount" : 0
  } ],
  "testStage" : {
    "status" : "failed",
    "statusMessage" : "AssertionError",
    "statusTrace" : "self = <testcase.TestKeywords.TestKeyword object at 0x0000018E2D5ED978>\nstart_appium_desired = <appium.webdriver.webdriver.WebDriver (session=\"378cbee9-e980-4698-885d-3fda9d46a4fb\")>\nrun_case = {'CASE_ID': 'Case_002', 'TC_ID': 'TC_Login', '备注': '登录功能测试', '描述': '自动登录测试', ...}\n\n    @pytest.mark.parametrize(\"run_case\", run_list)\n    def test_run(self, start_appium_desired, run_case):\n        self.driver = start_appium_desired\n        self.driver.launch_app()\n    \n        log.info(\"执行用例内容{}\".format(run_case))\n>       Operate(self.driver).step(data, run_case)\n\ntestcase\\TestKeywords.py:33: \n_ _ _ _ _ _ _ _ _ _ _ _ _ _ _ _ _ _ _ _ _ _ _ _ _ _ _ _ _ _ _ _ _ _ _ _ _ _ _ _\nbase\\BaseAction.py:190: in get_err_screenshot\n    raise e\nbase\\BaseAction.py:184: in get_err_screenshot\n    func(self, *args, **kwargs)\ntestcase\\operate\\KeywordOperatePytest.py:110: in step\n    action_method(**param_value)\n_ _ _ _ _ _ _ _ _ _ _ _ _ _ _ _ _ _ _ _ _ _ _ _ _ _ _ _ _ _ _ _ _ _ _ _ _ _ _ _\n\nself = <base.BaseAction.Action object at 0x0000018E2DFB6EB8>\nkwargs = {'by': 'xpath', 'expect': '', 'value': '//*[contains(@text,\\'\" + text + \"\\')]'}\ntoast_result = True\n\n    def assert_toast_result(self, **kwargs):\n        toast_result = self.is_toast_get_toast(**kwargs)\n>       assert toast_result == False\nE       AssertionError\n\nbase\\BaseAction.py:168: AssertionError",
    "steps" : [ {
      "name" : "输入用户名",
      "time" : {
        "start" : 1617868221685,
        "stop" : 1617868223947,
        "duration" : 2262
      },
      "status" : "passed",
      "steps" : [ ],
      "attachments" : [ ],
      "parameters" : [ ],
      "shouldDisplayMessage" : false,
      "attachmentsCount" : 0,
      "hasContent" : false,
      "stepsCount" : 0
    }, {
      "name" : "输入密码",
      "time" : {
        "start" : 1617868223948,
        "stop" : 1617868225610,
        "duration" : 1662
      },
      "status" : "passed",
      "steps" : [ ],
      "attachments" : [ ],
      "parameters" : [ ],
      "shouldDisplayMessage" : false,
      "attachmentsCount" : 0,
      "hasContent" : false,
      "stepsCount" : 0
    }, {
      "name" : "点击同意协议",
      "time" : {
        "start" : 1617868225612,
        "stop" : 1617868226526,
        "duration" : 914
      },
      "status" : "passed",
      "steps" : [ ],
      "attachments" : [ ],
      "parameters" : [ ],
      "shouldDisplayMessage" : false,
      "attachmentsCount" : 0,
      "hasContent" : false,
      "stepsCount" : 0
    }, {
      "name" : "点击登录",
      "time" : {
        "start" : 1617868226527,
        "stop" : 1617868227068,
        "duration" : 541
      },
      "status" : "passed",
      "steps" : [ ],
      "attachments" : [ ],
      "parameters" : [ ],
      "shouldDisplayMessage" : false,
      "attachmentsCount" : 0,
      "hasContent" : false,
      "stepsCount" : 0
    }, {
      "name" : "获取验证",
      "time" : {
        "start" : 1617868227069,
        "stop" : 1617868227685,
        "duration" : 616
      },
      "status" : "failed",
      "statusMessage" : "AssertionError\n",
      "statusTrace" : "  File \"D:\\appiumdm\\Appium_AutoTest\\testcase\\operate\\KeywordOperatePytest.py\", line 110, in step\n    action_method(**param_value)\n  File \"D:\\appiumdm\\Appium_AutoTest\\base\\BaseAction.py\", line 168, in assert_toast_result\n    assert toast_result == False\n",
      "steps" : [ ],
      "attachments" : [ ],
      "parameters" : [ ],
      "shouldDisplayMessage" : true,
      "attachmentsCount" : 0,
      "hasContent" : true,
      "stepsCount" : 0
    } ],
    "attachments" : [ {
      "uid" : "ac0cd0560bd58751",
      "name" : "2021-04-08 15:50:27",
      "source" : "ac0cd0560bd58751.png",
      "type" : "image/png",
      "size" : 171934
    }, {
      "uid" : "f6c8343948259af3",
      "name" : "log",
      "source" : "f6c8343948259af3.txt",
      "type" : "text/plain",
      "size" : 3088
    } ],
    "parameters" : [ ],
    "shouldDisplayMessage" : true,
    "attachmentsCount" : 2,
    "hasContent" : true,
    "stepsCount" : 5
  },
  "afterStages" : [ ],
  "labels" : [ {
    "name" : "feature",
    "value" : "登录功能测试"
  }, {
    "name" : "story",
    "value" : "自动登录测试"
  }, {
    "name" : "parentSuite",
    "value" : "testcase"
  }, {
    "name" : "suite",
    "value" : "TestKeywords"
  }, {
    "name" : "subSuite",
    "value" : "TestKeyword"
  }, {
    "name" : "host",
    "value" : "hanlizhi-pc"
  }, {
    "name" : "thread",
    "value" : "12664-MainThread"
  }, {
    "name" : "framework",
    "value" : "pytest"
  }, {
    "name" : "language",
    "value" : "cpython3"
  }, {
    "name" : "package",
    "value" : "testcase.TestKeywords"
  }, {
    "name" : "resultFormat",
    "value" : "allure2"
  } ],
  "parameters" : [ {
    "name" : "run_case",
    "value" : "{'TC_ID': 'TC_Login', 'CASE_ID': 'Case_002', '是否运行': 'y', '用例名称': '登录成功', '测试数据': 'username=13333333333,password=ty123456', '期望结果': '', '备注': '登录功能测试', '描述': '自动登录测试'}"
  } ],
  "links" : [ ],
  "hidden" : true,
  "retry" : true,
  "extra" : {
    "categories" : [ ],
    "tags" : [ ]
  },
  "source" : "a2c2ee410c054ac4.json",
  "parameterValues" : [ "{'TC_ID': 'TC_Login', 'CASE_ID': 'Case_002', '是否运行': 'y', '用例名称': '登录成功', '测试数据': 'username=13333333333,password=ty123456', '期望结果': '', '备注': '登录功能测试', '描述': '自动登录测试'}" ]
}