{"name": "Case_005-购买星动手机", "status": "failed", "statusDetails": {"message": "AssertionError", "trace": "self = <testcase.TestKeywords.TestKeyword object at 0x0000021F69F030B8>\nstart_appium_desired = <appium.webdriver.webdriver.WebDriver (session=\"c6724afc-35c6-4505-ad19-7c2b962f8ddc\")>\nrun_case = {'CASE_ID': 'Case_005', 'TC_ID': 'TC_Purchase', '备注': '购买星动云手机', '描述': '购买星动云手机流程', ...}\n\n    @pytest.mark.parametrize(\"run_case\", run_list)\n    def test_run(self, start_appium_desired, run_case):\n        self.driver = start_appium_desired\n        self.driver.launch_app()\n    \n        log.info(\"执行用例内容{}\".format(run_case))\n>       Operate(self.driver).step(data, run_case)\n\ntestcase\\TestKeywords.py:34: \n_ _ _ _ _ _ _ _ _ _ _ _ _ _ _ _ _ _ _ _ _ _ _ _ _ _ _ _ _ _ _ _ _ _ _ _ _ _ _ _\nbase\\BaseAction.py:258: in get_err_screenshot\n    raise e\nbase\\BaseAction.py:252: in get_err_screenshot\n    func(self, *args, **kwargs)\ntestcase\\operate\\KeywordOperatePytest.py:189: in step\n    action_method(**param_value)\n_ _ _ _ _ _ _ _ _ _ _ _ _ _ _ _ _ _ _ _ _ _ _ _ _ _ _ _ _ _ _ _ _ _ _ _ _ _ _ _\n\nself = <base.BaseAction.Action object at 0x0000021F69E72AC8>\nkwargs = {'by': 'xpath', 'expect': '支付取消', 'slid': '', 'value': '//*[contains(@text,\\'\" + text + \"\\')]'}\ntoast_result = True\n\n    def assert_toast_result(self, **kwargs):\n        toast_result = self.is_toast_get_toast(**kwargs)\n>       assert toast_result == False\nE       AssertionError\n\nbase\\BaseAction.py:236: AssertionError"}, "steps": [{"name": "点击购买手机", "status": "passed", "start": 1618628217671, "stop": 1618628261529}, {"name": "点击星动", "status": "passed", "start": 1618628261531, "stop": 1618628263173}, {"name": "点击手机数量+1", "status": "passed", "start": 1618628263176, "stop": 1618628263799}, {"name": "点击手机数量+1", "status": "passed", "start": 1618628263804, "stop": 1618628264539}, {"name": "点击手机数量-1", "status": "passed", "start": 1618628264541, "stop": 1618628265127}, {"name": "向下滑动", "status": "passed", "start": 1618628265128, "stop": 1618628268229}, {"name": "点击微信支付", "status": "passed", "start": 1618628268230, "stop": 1618628268402}, {"name": "点击确定购买", "status": "passed", "start": 1618628268404, "stop": 1618628269136}, {"name": "点击确认支付", "status": "passed", "start": 1618628269137, "stop": 1618628270431}, {"name": "点击左上角返回", "status": "passed", "start": 1618628270432, "stop": 1618628272811}, {"name": "点击放弃", "status": "passed", "start": 1618628272812, "stop": 1618628273542}, {"name": "获取验证", "status": "failed", "statusDetails": {"message": "AssertionError\n", "trace": "  File \"D:\\Appium_AutoTest-Mobile\\testcase\\operate\\KeywordOperatePytest.py\", line 189, in step\n    action_method(**param_value)\n  File \"D:\\Appium_AutoTest-Mobile\\base\\BaseAction.py\", line 236, in assert_toast_result\n    assert toast_result == False\n"}, "start": 1618628273543, "stop": 1618628274402}], "attachments": [{"name": "2021-04-17 10:57:55", "source": "81220461-8f30-454c-a2ce-ae25aee39487-attachment.png", "type": "image/png"}, {"name": "log", "source": "0cad7505-2696-40b5-93df-ac5f127d1c8a-attachment.txt", "type": "text/plain"}], "parameters": [{"name": "run_case", "value": "{'TC_ID': 'TC_Purchase', 'CASE_ID': 'Case_005', '是否运行': 'y', '用例名称': '购买星动手机', '测试数据': 'username=13333333333,password=ty123456', '期望结果': '支付取消', '备注': '购买星动云手机', '描述': '购买星动云手机流程'}"}], "start": 1618628216596, "stop": 1618628275242, "uuid": "048b269a-af71-4f7a-8216-5107997cda17", "historyId": "09d1def909cb056249b96d75b8c275b2", "testCaseId": "d0da37f9ca5c76a26b8f92b7592b9368", "fullName": "testcase.TestKeywords.TestKeyword#test_run", "labels": [{"name": "feature", "value": "购买星动云手机"}, {"name": "story", "value": "购买星动云手机流程"}, {"name": "parentSuite", "value": "testcase"}, {"name": "suite", "value": "TestKeywords"}, {"name": "subSuite", "value": "TestKeyword"}, {"name": "host", "value": "hanlizhi-pc"}, {"name": "thread", "value": "2224-MainThread"}, {"name": "framework", "value": "pytest"}, {"name": "language", "value": "cpython3"}, {"name": "package", "value": "testcase.TestKeywords"}]}