{"name": "Case_005-购买星动手机", "status": "failed", "statusDetails": {"message": "AssertionError", "trace": "self = <testcase.TestKeywords.TestKeyword object at 0x000001D9088B8EB8>\nstart_appium_desired = <appium.webdriver.webdriver.WebDriver (session=\"089f8e06-7d26-4ae7-8a9b-fa134e4d2f01\")>\nrun_case = {'CASE_ID': 'Case_005', 'TC_ID': 'TC_Purchase', '备注': '购买星动云手机', '描述': '购买星动云手机流程', ...}\n\n    @pytest.mark.parametrize(\"run_case\", run_list)\n    def test_run(self, start_appium_desired, run_case):\n        self.driver = start_appium_desired\n        self.driver.launch_app()\n    \n        log.info(\"执行用例内容{}\".format(run_case))\n>       Operate(self.driver).step(data, run_case)\n\ntestcase\\TestKeywords.py:34: \n_ _ _ _ _ _ _ _ _ _ _ _ _ _ _ _ _ _ _ _ _ _ _ _ _ _ _ _ _ _ _ _ _ _ _ _ _ _ _ _\nbase\\BaseAction.py:256: in get_err_screenshot\n    raise e\nbase\\BaseAction.py:250: in get_err_screenshot\n    func(self, *args, **kwargs)\ntestcase\\operate\\KeywordOperatePytest.py:189: in step\n    action_method(**param_value)\n_ _ _ _ _ _ _ _ _ _ _ _ _ _ _ _ _ _ _ _ _ _ _ _ _ _ _ _ _ _ _ _ _ _ _ _ _ _ _ _\n\nself = <base.BaseAction.Action object at 0x000001D908881550>\nkwargs = {'by': 'xpath', 'expect': '取消', 'slid': '', 'value': '//*[contains(@text,\\'\" + text + \"\\')]'}\ntoast_result = True\n\n    def assert_toast_result(self, **kwargs):\n        toast_result = self.is_toast_get_toast(**kwargs)\n>       assert toast_result == False\nE       AssertionError\n\nbase\\BaseAction.py:234: AssertionError"}, "steps": [{"name": "点击购买手机", "status": "passed", "start": 1618627739508, "stop": 1618627783282}, {"name": "点击星动", "status": "passed", "start": 1618627783284, "stop": 1618627785109}, {"name": "点击手机数量+1", "status": "passed", "start": 1618627785111, "stop": 1618627785715}, {"name": "点击手机数量+1", "status": "passed", "start": 1618627785717, "stop": 1618627786399}, {"name": "点击手机数量-1", "status": "passed", "start": 1618627786401, "stop": 1618627787000}, {"name": "向下滑动", "status": "passed", "start": 1618627787001, "stop": 1618627790086}, {"name": "点击微信支付", "status": "passed", "start": 1618627790091, "stop": 1618627790234}, {"name": "点击确定购买", "status": "passed", "start": 1618627790240, "stop": 1618627790961}, {"name": "点击确认支付", "status": "passed", "start": 1618627790968, "stop": 1618627792256}, {"name": "点击左上角返回", "status": "passed", "start": 1618627792258, "stop": 1618627794567}, {"name": "点击放弃", "status": "passed", "start": 1618627794568, "stop": 1618627795253}, {"name": "获取验证", "status": "failed", "statusDetails": {"message": "AssertionError\n", "trace": "  File \"D:\\Appium_AutoTest-Mobile\\testcase\\operate\\KeywordOperatePytest.py\", line 189, in step\n    action_method(**param_value)\n  File \"D:\\Appium_AutoTest-Mobile\\base\\BaseAction.py\", line 234, in assert_toast_result\n    assert toast_result == False\n"}, "start": 1618627795255, "stop": 1618627796115}], "attachments": [{"name": "2021-04-17 10:49:56", "source": "e515fbc0-2852-41b1-9f08-434038c1e5f4-attachment.png", "type": "image/png"}, {"name": "log", "source": "cecedb4f-56ac-4b38-b5e1-6413a61fb86a-attachment.txt", "type": "text/plain"}], "parameters": [{"name": "run_case", "value": "{'TC_ID': 'TC_Purchase', 'CASE_ID': 'Case_005', '是否运行': 'y', '用例名称': '购买星动手机', '测试数据': 'username=13333333333,password=ty123456', '期望结果': '取消', '备注': '购买星动云手机', '描述': '购买星动云手机流程'}"}], "start": 1618627738487, "stop": 1618627796955, "uuid": "dec1799f-a1ef-4f25-ab14-6bd8ead267c9", "historyId": "09d1def909cb056249b96d75b8c275b2", "testCaseId": "d0da37f9ca5c76a26b8f92b7592b9368", "fullName": "testcase.TestKeywords.TestKeyword#test_run", "labels": [{"name": "feature", "value": "购买星动云手机"}, {"name": "story", "value": "购买星动云手机流程"}, {"name": "parentSuite", "value": "testcase"}, {"name": "suite", "value": "TestKeywords"}, {"name": "subSuite", "value": "TestKeyword"}, {"name": "host", "value": "hanlizhi-pc"}, {"name": "thread", "value": "8356-MainThread"}, {"name": "framework", "value": "pytest"}, {"name": "language", "value": "cpython3"}, {"name": "package", "value": "testcase.TestKeywords"}]}