{"name": "Case_001-登录失败", "status": "failed", "statusDetails": {"message": "AssertionError", "trace": "self = <testcase.TestKeywords.TestKeyword object at 0x000002A43FB4FC50>\nstart_appium_desired = <appium.webdriver.webdriver.WebDriver (session=\"9d1aabba-12a8-41f8-be8b-a03581b6c944\")>\nrun_case = {'CASE_ID': 'Case_001', 'TC_ID': 'TC_Login', '备注': '登录功能测试', '描述': '登录测试', ...}\n\n    @pytest.mark.parametrize(\"run_case\", run_list)\n    def test_run(self, start_appium_desired, run_case):\n        self.driver = start_appium_desired\n        self.driver.launch_app()\n        log.info(\"执行用例内容{}\".format(run_case))\n>       Operate(self.driver).step(data, run_case)\n\ntestcase\\TestKeywords.py:32: \n_ _ _ _ _ _ _ _ _ _ _ _ _ _ _ _ _ _ _ _ _ _ _ _ _ _ _ _ _ _ _ _ _ _ _ _ _ _ _ _\nbase\\BaseAction.py:125: in get_err_screenshot\n    raise e\nbase\\BaseAction.py:119: in get_err_screenshot\n    func(self, *args, **kwargs)\ntestcase\\operate\\KeywordOperatePytest.py:107: in step\n    action_method(**param_value)\n_ _ _ _ _ _ _ _ _ _ _ _ _ _ _ _ _ _ _ _ _ _ _ _ _ _ _ _ _ _ _ _ _ _ _ _ _ _ _ _\n\nself = <base.BaseAction.Action object at 0x000002A43FAC0898>\nkwargs = {'by': 'xpath', 'expect': '错误', 'value': '//*[contains(@text,\\'\" + text + \"\\')]'}\ntoast_result = True\n\n    def assert_toast_result(self, **kwargs):\n        toast_result = self.is_toast_get_toast(**kwargs)\n>       assert toast_result == False\nE       AssertionError\n\nbase\\BaseAction.py:103: AssertionError"}, "steps": [{"name": "输入用户名", "status": "passed", "start": 1617700170543, "stop": 1617700172164}, {"name": "输入密码", "status": "passed", "start": 1617700172165, "stop": 1617700174222}, {"name": "点击登录", "status": "passed", "start": 1617700174224, "stop": 1617700174867}, {"name": "获取验证", "status": "failed", "statusDetails": {"message": "AssertionError\n", "trace": "  File \"D:\\appiumdm\\Appium_AutoTest\\testcase\\operate\\KeywordOperatePytest.py\", line 107, in step\n    action_method(**param_value)\n  File \"D:\\appiumdm\\Appium_AutoTest\\base\\BaseAction.py\", line 103, in assert_toast_result\n    assert toast_result == False\n"}, "start": 1617700174868, "stop": 1617700176204}], "attachments": [{"name": "2021-04-06 17:09:36", "source": "119cc06a-77f6-4473-93e5-edb2712f5fd8-attachment.png", "type": "image/png"}, {"name": "log", "source": "fc5bd741-3190-4a8a-ae3a-3c4a9ef707f8-attachment.txt", "type": "text/plain"}], "parameters": [{"name": "run_case", "value": "{'TC_ID': 'TC_Login', 'CASE_ID': 'Case_001', '是否运行': 'y', '用例名称': '登录失败', '测试数据': 'username=13129559867,password=123456', '期望结果': '错误', '备注': '登录功能测试', '描述': '登录测试'}"}], "start": 1617700166294, "stop": 1617700176378, "uuid": "e39cfd3b-b3d4-4822-8d79-29aa84dae2e9", "historyId": "09d1def909cb056249b96d75b8c275b2", "testCaseId": "d0da37f9ca5c76a26b8f92b7592b9368", "fullName": "testcase.TestKeywords.TestKeyword#test_run", "labels": [{"name": "feature", "value": "登录功能测试"}, {"name": "story", "value": "登录测试"}, {"name": "parentSuite", "value": "testcase"}, {"name": "suite", "value": "TestKeywords"}, {"name": "subSuite", "value": "TestKeyword"}, {"name": "host", "value": "hanlizhi-pc"}, {"name": "thread", "value": "13812-MainThread"}, {"name": "framework", "value": "pytest"}, {"name": "language", "value": "cpython3"}, {"name": "package", "value": "testcase.TestKeywords"}]}