{"name": "Case_006-购买星动手机", "status": "broken", "statusDetails": {"message": "selenium.common.exceptions.InvalidElementStateException: Message: Swipe action cannot be performed", "trace": "self = <testcase.TestKeywords.TestKeyword object at 0x000001FF60C3F198>\nstart_appium_desired = <appium.webdriver.webdriver.WebDriver (session=\"4956b79a-b73c-41a3-a712-e52aec94f4f7\")>\nrun_case = {'CASE_ID': 'Case_006', 'TC_ID': 'TC_Purchase', '备注': '购买云手机功能测试', '描述': '购买星动云手机流程', ...}\n\n    @pytest.mark.parametrize(\"run_case\", run_list)\n    def test_run(self, start_appium_desired, run_case):\n        self.driver = start_appium_desired\n        self.driver.launch_app()\n    \n        log.info(\"执行用例内容{}\".format(run_case))\n>       Operate(self.driver).step(data, run_case)\n\ntestcase\\TestKeywords.py:33: \n_ _ _ _ _ _ _ _ _ _ _ _ _ _ _ _ _ _ _ _ _ _ _ _ _ _ _ _ _ _ _ _ _ _ _ _ _ _ _ _\nbase\\BaseAction.py:204: in get_err_screenshot\n    raise e\nbase\\BaseAction.py:198: in get_err_screenshot\n    func(self, *args, **kwargs)\ntestcase\\operate\\KeywordOperatePytest.py:117: in step\n    action_method(**param_value)\nbase\\BaseAction.py:171: in by_slide\n    loc = self.swipeLeft()\nbase\\BaseAction.py:135: in swipeLeft\n    self.driver.swipe(x1, y1, x2, y1, t)\nD:\\daima\\venv\\lib\\site-packages\\appium\\webdriver\\extensions\\action_helpers.py:131: in swipe\n    action.perform()\nD:\\daima\\venv\\lib\\site-packages\\appium\\webdriver\\common\\touch_action.py:163: in perform\n    self._driver.execute(Command.TOUCH_ACTION, params)\nD:\\daima\\venv\\lib\\site-packages\\selenium\\webdriver\\remote\\webdriver.py:321: in execute\n    self.error_handler.check_response(response)\nD:\\daima\\venv\\lib\\site-packages\\appium\\webdriver\\errorhandler.py:31: in check_response\n    raise wde\nD:\\daima\\venv\\lib\\site-packages\\appium\\webdriver\\errorhandler.py:26: in check_response\n    super().check_response(response)\n_ _ _ _ _ _ _ _ _ _ _ _ _ _ _ _ _ _ _ _ _ _ _ _ _ _ _ _ _ _ _ _ _ _ _ _ _ _ _ _\n\nself = <appium.webdriver.errorhandler.MobileErrorHandler object at 0x000001FF5ED71EB8>\nresponse = {'status': 400, 'value': '{\"value\":{\"error\":\"invalid element state\",\"message\":\"Swipe action cannot be performed\",\"stac...ctory$DefaultRunnableDecorator.run(DefaultThreadFactory.java:144)\\\\n\\\\tat java.lang.Thread.run(Thread.java:761)\\\\n\"}}'}\n\n    def check_response(self, response):\n        \"\"\"\n        Checks that a JSON response from the WebDriver does not have an error.\n    \n        :Args:\n         - response - The JSON response from the WebDriver server as a dictionary\n           object.\n    \n        :Raises: If the response contains an error message.\n        \"\"\"\n        status = response.get('status', None)\n        if status is None or status == ErrorCode.SUCCESS:\n            return\n        value = None\n        message = response.get(\"message\", \"\")\n        screen = response.get(\"screen\", \"\")\n        stacktrace = None\n        if isinstance(status, int):\n            value_json = response.get('value', None)\n            if value_json and isinstance(value_json, basestring):\n                import json\n                try:\n                    value = json.loads(value_json)\n                    if len(value.keys()) == 1:\n                        value = value['value']\n                    status = value.get('error', None)\n                    if status is None:\n                        status = value[\"status\"]\n                        message = value[\"value\"]\n                        if not isinstance(message, basestring):\n                            value = message\n                            message = message.get('message')\n                    else:\n                        message = value.get('message', None)\n                except ValueError:\n                    pass\n    \n        exception_class = ErrorInResponseException\n        if status in ErrorCode.NO_SUCH_ELEMENT:\n            exception_class = NoSuchElementException\n        elif status in ErrorCode.NO_SUCH_FRAME:\n            exception_class = NoSuchFrameException\n        elif status in ErrorCode.NO_SUCH_WINDOW:\n            exception_class = NoSuchWindowException\n        elif status in ErrorCode.STALE_ELEMENT_REFERENCE:\n            exception_class = StaleElementReferenceException\n        elif status in ErrorCode.ELEMENT_NOT_VISIBLE:\n            exception_class = ElementNotVisibleException\n        elif status in ErrorCode.INVALID_ELEMENT_STATE:\n            exception_class = InvalidElementStateException\n        elif status in ErrorCode.INVALID_SELECTOR \\\n                or status in ErrorCode.INVALID_XPATH_SELECTOR \\\n                or status in ErrorCode.INVALID_XPATH_SELECTOR_RETURN_TYPER:\n            exception_class = InvalidSelectorException\n        elif status in ErrorCode.ELEMENT_IS_NOT_SELECTABLE:\n            exception_class = ElementNotSelectableException\n        elif status in ErrorCode.ELEMENT_NOT_INTERACTABLE:\n            exception_class = ElementNotInteractableException\n        elif status in ErrorCode.INVALID_COOKIE_DOMAIN:\n            exception_class = InvalidCookieDomainException\n        elif status in ErrorCode.UNABLE_TO_SET_COOKIE:\n            exception_class = UnableToSetCookieException\n        elif status in ErrorCode.TIMEOUT:\n            exception_class = TimeoutException\n        elif status in ErrorCode.SCRIPT_TIMEOUT:\n            exception_class = TimeoutException\n        elif status in ErrorCode.UNKNOWN_ERROR:\n            exception_class = WebDriverException\n        elif status in ErrorCode.UNEXPECTED_ALERT_OPEN:\n            exception_class = UnexpectedAlertPresentException\n        elif status in ErrorCode.NO_ALERT_OPEN:\n            exception_class = NoAlertPresentException\n        elif status in ErrorCode.IME_NOT_AVAILABLE:\n            exception_class = ImeNotAvailableException\n        elif status in ErrorCode.IME_ENGINE_ACTIVATION_FAILED:\n            exception_class = ImeActivationFailedException\n        elif status in ErrorCode.MOVE_TARGET_OUT_OF_BOUNDS:\n            exception_class = MoveTargetOutOfBoundsException\n        elif status in ErrorCode.JAVASCRIPT_ERROR:\n            exception_class = JavascriptException\n        elif status in ErrorCode.SESSION_NOT_CREATED:\n            exception_class = SessionNotCreatedException\n        elif status in ErrorCode.INVALID_ARGUMENT:\n            exception_class = InvalidArgumentException\n        elif status in ErrorCode.NO_SUCH_COOKIE:\n            exception_class = NoSuchCookieException\n        elif status in ErrorCode.UNABLE_TO_CAPTURE_SCREEN:\n            exception_class = ScreenshotException\n        elif status in ErrorCode.ELEMENT_CLICK_INTERCEPTED:\n            exception_class = ElementClickInterceptedException\n        elif status in ErrorCode.INSECURE_CERTIFICATE:\n            exception_class = InsecureCertificateException\n        elif status in ErrorCode.INVALID_COORDINATES:\n            exception_class = InvalidCoordinatesException\n        elif status in ErrorCode.INVALID_SESSION_ID:\n            exception_class = InvalidSessionIdException\n        elif status in ErrorCode.UNKNOWN_METHOD:\n            exception_class = UnknownMethodException\n        else:\n            exception_class = WebDriverException\n        if value == '' or value is None:\n            value = response['value']\n        if isinstance(value, basestring):\n            if exception_class == ErrorInResponseException:\n                raise exception_class(response, value)\n            raise exception_class(value)\n        if message == \"\" and 'message' in value:\n            message = value['message']\n    \n        screen = None\n        if 'screen' in value:\n            screen = value['screen']\n    \n        stacktrace = None\n        if 'stackTrace' in value and value['stackTrace']:\n            stacktrace = []\n            try:\n                for frame in value['stackTrace']:\n                    line = self._value_or_default(frame, 'lineNumber', '')\n                    file = self._value_or_default(frame, 'fileName', '<anonymous>')\n                    if line:\n                        file = \"%s:%s\" % (file, line)\n                    meth = self._value_or_default(frame, 'methodName', '<anonymous>')\n                    if 'className' in frame:\n                        meth = \"%s.%s\" % (frame['className'], meth)\n                    msg = \"    at %s (%s)\"\n                    msg = msg % (meth, file)\n                    stacktrace.append(msg)\n            except TypeError:\n                pass\n        if exception_class == ErrorInResponseException:\n            raise exception_class(response, message)\n        elif exception_class == UnexpectedAlertPresentException:\n            alert_text = None\n            if 'data' in value:\n                alert_text = value['data'].get('text')\n            elif 'alert' in value:\n                alert_text = value['alert'].get('text')\n            raise exception_class(message, screen, stacktrace, alert_text)\n>       raise exception_class(message, screen, stacktrace)\nE       selenium.common.exceptions.InvalidElementStateException: Message: Swipe action cannot be performed\n\nD:\\daima\\venv\\lib\\site-packages\\selenium\\webdriver\\remote\\errorhandler.py:242: InvalidElementStateException"}, "steps": [{"name": "输入用户名", "status": "passed", "start": 1617877435021, "stop": 1617877437161}, {"name": "输入密码", "status": "passed", "start": 1617877437166, "stop": 1617877438838}, {"name": "点击登录", "status": "passed", "start": 1617877438841, "stop": 1617877439478}, {"name": "移动坐标", "status": "broken", "statusDetails": {"message": "selenium.common.exceptions.InvalidElementStateException: Message: Swipe action cannot be performed\n\n", "trace": "  File \"D:\\appiumdm\\Appium_AutoTest\\testcase\\operate\\KeywordOperatePytest.py\", line 117, in step\n    action_method(**param_value)\n  File \"D:\\appiumdm\\Appium_AutoTest\\base\\BaseAction.py\", line 171, in by_slide\n    loc = self.swipeLeft()\n  File \"D:\\appiumdm\\Appium_AutoTest\\base\\BaseAction.py\", line 135, in swipeLeft\n    self.driver.swipe(x1, y1, x2, y1, t)\n  File \"D:\\daima\\venv\\lib\\site-packages\\appium\\webdriver\\extensions\\action_helpers.py\", line 131, in swipe\n    action.perform()\n  File \"D:\\daima\\venv\\lib\\site-packages\\appium\\webdriver\\common\\touch_action.py\", line 163, in perform\n    self._driver.execute(Command.TOUCH_ACTION, params)\n  File \"D:\\daima\\venv\\lib\\site-packages\\selenium\\webdriver\\remote\\webdriver.py\", line 321, in execute\n    self.error_handler.check_response(response)\n  File \"D:\\daima\\venv\\lib\\site-packages\\appium\\webdriver\\errorhandler.py\", line 31, in check_response\n    raise wde\n  File \"D:\\daima\\venv\\lib\\site-packages\\appium\\webdriver\\errorhandler.py\", line 26, in check_response\n    super().check_response(response)\n  File \"D:\\daima\\venv\\lib\\site-packages\\selenium\\webdriver\\remote\\errorhandler.py\", line 242, in check_response\n    raise exception_class(message, screen, stacktrace)\n"}, "start": 1617877439481, "stop": 1617877441365}], "attachments": [{"name": "2021-04-08 18:24:01", "source": "1b7ca73e-5388-43c6-9fb4-eff7ec860812-attachment.png", "type": "image/png"}, {"name": "log", "source": "1532c413-8212-493e-b7c8-358b7f2c8b80-attachment.txt", "type": "text/plain"}], "parameters": [{"name": "run_case", "value": "{'TC_ID': 'TC_Purchase', 'CASE_ID': 'Case_006', '是否运行': 'y', '用例名称': '购买星动手机', '测试数据': 'username=13333333333,password=ty123456', '期望结果': '', '备注': '购买云手机功能测试', '描述': '购买星动云手机流程'}"}], "start": 1617877433249, "stop": 1617877441855, "uuid": "cc93db06-9e60-4313-b0e6-65741f83e6d9", "historyId": "09d1def909cb056249b96d75b8c275b2", "testCaseId": "d0da37f9ca5c76a26b8f92b7592b9368", "fullName": "testcase.TestKeywords.TestKeyword#test_run", "labels": [{"name": "feature", "value": "购买云手机功能测试"}, {"name": "story", "value": "购买星动云手机流程"}, {"name": "parentSuite", "value": "testcase"}, {"name": "suite", "value": "TestKeywords"}, {"name": "subSuite", "value": "TestKeyword"}, {"name": "host", "value": "hanlizhi-pc"}, {"name": "thread", "value": "14184-MainThread"}, {"name": "framework", "value": "pytest"}, {"name": "language", "value": "cpython3"}, {"name": "package", "value": "testcase.TestKeywords"}]}