{"name": "Case_004-验证码登录", "status": "broken", "statusDetails": {"message": "selenium.common.exceptions.WebDriverException: Message: An unknown server-side error occurred while processing the command. Original error: Could not proxy command to remote server. Original error: Error: socket hang up", "trace": "self = <testcase.operate.KeywordOperatePytest.Operate object at 0x000002385D782C50>\nargs = (<base.ExcelData.Data object at 0x000002385CC2CA20>, {'CASE_ID': 'Case_004', 'TC_ID': 'TC_Lg_Verification ', '备注': '验证码登录功能测试', '描述': '验证码登录', ...})\nkwargs = {}\n\n    def get_err_screenshot(self, *args, **kwargs):\n        # 2 定义内部函数、拍图操作\n        try:\n>           func(self, *args, **kwargs)\n\nbase\\BaseAction.py:200: \n_ _ _ _ _ _ _ _ _ _ _ _ _ _ _ _ _ _ _ _ _ _ _ _ _ _ _ _ _ _ _ _ _ _ _ _ _ _ _ _\n\nself = <testcase.operate.KeywordOperatePytest.Operate object at 0x000002385D782C50>\ndata = <base.ExcelData.Data object at 0x000002385CC2CA20>\nrun_case = {'CASE_ID': 'Case_004', 'TC_ID': 'TC_Lg_Verification ', '备注': '验证码登录功能测试', '描述': '验证码登录', ...}\n\n    @screenshot_allure #装饰器\n    def step(self, data, run_case):\n        tc_id = run_case[TestSteps.STEP_TC_ID]\n        # 获取步骤\n        steps = data.get_steps_by_tc_id(tc_id)\n        # allure 报告\n        # feature 一级标题\n        allure.dynamic.feature(run_case[TestCases.CASES_NOTE])\n        # story 二级标题\n        allure.dynamic.story(run_case[TestCases.CASES_DESC])\n    \n        # title 标题\n        allure.dynamic.title(run_case[CaseData.DATA_CASE_ID] + \"-\" + run_case[CaseData.DATA_NAME])\n    \n        for step in steps:\n            log.debug(\"执行步骤{}\".format(step))\n            # 获取元素信息\n            elements = step[TestSteps.STEP_ELEMENT_NAME]\n            element = data.get_elements_by_element(step[TestSteps.STEP_TC_ID], elements)\n            log.debug(\"元素信息{}\".format(element))\n            # 操作步骤 关键表映射 click_btn\n            operate = self.get_keyword(step[TestSteps.STEP_OPERATE])\n    \n            # 操作判断，是否存在， 不存在不执行\n            if operate:\n                # 定义方法参数：字典\n                param_value = dict()\n                # 根据getattr判断执行那个方法\n                action_method = getattr(Action(self.driver), operate)\n                log.debug(\"该关键字是{}\".format(operate))\n    \n                # 定义具体参数\n                by = element[Elements.ELE_BY]\n                value = element[Elements.ELE_VALUE]\n    \n    \n                # 1、获取by,value,send_value内容\n                send_value = step[TestSteps.STEP_DATA]\n                send_slid = step[TestSteps.STEP_SLIDE]\n                send_COORD = step[TestSteps.STEP_COORD]\n                send_note = step[TestSteps.STEP_NOTE]\n                send_Keyboard = step[TestSteps.STEP_KEYBOARD]\n    \n                # 2、send_value内容转换，通过case data数据内容\n    \n                expect = run_case[CaseData.DATA_EXPECT_RESULT]\n                param_value[\"by\"] = by\n                param_value[\"value\"] = value\n                param_value[\"expect\"] = expect\n                #映射 自动滑动\n                param_value[\"slid\"] = send_slid\n                if send_Keyboard:\n                    keyboard = int(send_Keyboard)\n                    # 模拟键盘按键操作\n                    self.driver.keyevent(keyboard)\n                    time.sleep(1)\n                # 判断 加入有输入 内容 字符转换\n                if send_value:\n                    data_input = run_case[CaseData.DATA_INPUT]\n                    send = self.str_to_dict(data_input)\n    \n                    param_value[\"send\"] = send[send_value]\n                if send_COORD:\n                    slid = self.str_to_dict(send_COORD)\n                    # 映射 定位点击\n                    param_value[\"tap\"] = slid\n    \n                # 数据库拉取验证码进行填写\n                if send_note:\n                    time.sleep(1)\n                    tunnelDB = MysqlConnect('192.168.199.243', 3306, 'cloud', 'Cloud.123456', 'cloud')\n                    data_mobile = run_case[CaseData.DATA_INPUT]\n                    send1 = self.str_to_dict(data_mobile)\n                    param_value[\"note\"] = send_note\n                    phone = send1.get(\"username\")\n    \n                    if send_note == \"注册\":\n                        # 注册验证码\n                        sql = 'SELECT regist FROM t_user_phonecode WHERE phone =%s' % phone\n                        results = tunnelDB.select(sql)\n                    elif send_note == \"登录\":\n                        # 登陆验证码\n                        sql = 'SELECT login FROM t_user_phonecode WHERE phone =%s' % phone\n                        results = tunnelDB.select(sql)\n                    elif send_note == \"找回\":\n                        # 密码找回验证码\n                        sql = 'SELECT passwd_back FROM t_user_phonecode WHERE phone =%s' % phone\n                        results = tunnelDB.select(sql)\n                    elif send_note == \"绑定新手机\":\n                        # 绑定新手机验证码\n                        sql = 'SELECT modify FROM t_user_phonecode WHERE phone =%s' % phone\n                        results = tunnelDB.select(sql)\n                    note =results[0][0]\n                    print(note)\n                    param_value[\"send\"] = note\n    \n    \n    \n                with allure.step(step[TestSteps.STEP_NAME]):\n>                   action_method(**param_value)\n\ntestcase\\operate\\KeywordOperatePytest.py:162: \n_ _ _ _ _ _ _ _ _ _ _ _ _ _ _ _ _ _ _ _ _ _ _ _ _ _ _ _ _ _ _ _ _ _ _ _ _ _ _ _\n\nself = <base.BaseAction.Action object at 0x000002385D74EB00>\nkwargs = {'by': 'xpath', 'expect': '', 'note': '登录', 'send': '424683', ...}\nby = 'xpath'\nvalue = \"//*[contains(@class,'android.widget.FrameLayout/android.widget.TextView[7]')]\"\nloc = None\n\n    def click_btn(self, **kwargs):\n        by, value= kwargs[\"by\"], kwargs[\"value\"]\n        # 根据by类型，进行by_id, by_xpath方法调用\n        if by == \"id\":\n            loc = self.by_id(value)\n        elif by == \"xpath\":\n            loc = self.by_xpath(value)\n            time.sleep(0.8)\n>       loc.click()\nE       AttributeError: 'NoneType' object has no attribute 'click'\n\nbase\\BaseAction.py:106: AttributeError\n\nDuring handling of the above exception, another exception occurred:\n\nself = <testcase.TestKeywords.TestKeyword object at 0x000002385D7600B8>\nstart_appium_desired = <appium.webdriver.webdriver.WebDriver (session=\"a195ef45-167d-42e8-aa3e-06ad58264eda\")>\nrun_case = {'CASE_ID': 'Case_004', 'TC_ID': 'TC_Lg_Verification ', '备注': '验证码登录功能测试', '描述': '验证码登录', ...}\n\n    @pytest.mark.parametrize(\"run_case\", run_list)\n    def test_run(self, start_appium_desired, run_case):\n        self.driver = start_appium_desired\n        self.driver.launch_app()\n    \n        log.info(\"执行用例内容{}\".format(run_case))\n>       Operate(self.driver).step(data, run_case)\n\ntestcase\\TestKeywords.py:34: \n_ _ _ _ _ _ _ _ _ _ _ _ _ _ _ _ _ _ _ _ _ _ _ _ _ _ _ _ _ _ _ _ _ _ _ _ _ _ _ _\nbase\\BaseAction.py:202: in get_err_screenshot\n    png = self.driver.get_screenshot_as_png()\nD:\\daima\\venv\\lib\\site-packages\\selenium\\webdriver\\remote\\webdriver.py:1064: in get_screenshot_as_png\n    return base64.b64decode(self.get_screenshot_as_base64().encode('ascii'))\nD:\\daima\\venv\\lib\\site-packages\\selenium\\webdriver\\remote\\webdriver.py:1074: in get_screenshot_as_base64\n    return self.execute(Command.SCREENSHOT)['value']\nD:\\daima\\venv\\lib\\site-packages\\selenium\\webdriver\\remote\\webdriver.py:321: in execute\n    self.error_handler.check_response(response)\nD:\\daima\\venv\\lib\\site-packages\\appium\\webdriver\\errorhandler.py:31: in check_response\n    raise wde\nD:\\daima\\venv\\lib\\site-packages\\appium\\webdriver\\errorhandler.py:26: in check_response\n    super().check_response(response)\n_ _ _ _ _ _ _ _ _ _ _ _ _ _ _ _ _ _ _ _ _ _ _ _ _ _ _ _ _ _ _ _ _ _ _ _ _ _ _ _\n\nself = <appium.webdriver.errorhandler.MobileErrorHandler object at 0x000002385D782BE0>\nresponse = {'status': 500, 'value': '{\"value\":{\"error\":\"unknown error\",\"message\":\"An unknown server-side error occurred while pro...\\\\\\\\app\\\\\\\\node_modules\\\\\\\\appium\\\\\\\\node_modules\\\\\\\\appium-base-driver\\\\\\\\lib\\\\\\\\jsonwp-proxy\\\\\\\\proxy.js:261:13)\"}}'}\n\n    def check_response(self, response):\n        \"\"\"\n        Checks that a JSON response from the WebDriver does not have an error.\n    \n        :Args:\n         - response - The JSON response from the WebDriver server as a dictionary\n           object.\n    \n        :Raises: If the response contains an error message.\n        \"\"\"\n        status = response.get('status', None)\n        if status is None or status == ErrorCode.SUCCESS:\n            return\n        value = None\n        message = response.get(\"message\", \"\")\n        screen = response.get(\"screen\", \"\")\n        stacktrace = None\n        if isinstance(status, int):\n            value_json = response.get('value', None)\n            if value_json and isinstance(value_json, basestring):\n                import json\n                try:\n                    value = json.loads(value_json)\n                    if len(value.keys()) == 1:\n                        value = value['value']\n                    status = value.get('error', None)\n                    if status is None:\n                        status = value[\"status\"]\n                        message = value[\"value\"]\n                        if not isinstance(message, basestring):\n                            value = message\n                            message = message.get('message')\n                    else:\n                        message = value.get('message', None)\n                except ValueError:\n                    pass\n    \n        exception_class = ErrorInResponseException\n        if status in ErrorCode.NO_SUCH_ELEMENT:\n            exception_class = NoSuchElementException\n        elif status in ErrorCode.NO_SUCH_FRAME:\n            exception_class = NoSuchFrameException\n        elif status in ErrorCode.NO_SUCH_WINDOW:\n            exception_class = NoSuchWindowException\n        elif status in ErrorCode.STALE_ELEMENT_REFERENCE:\n            exception_class = StaleElementReferenceException\n        elif status in ErrorCode.ELEMENT_NOT_VISIBLE:\n            exception_class = ElementNotVisibleException\n        elif status in ErrorCode.INVALID_ELEMENT_STATE:\n            exception_class = InvalidElementStateException\n        elif status in ErrorCode.INVALID_SELECTOR \\\n                or status in ErrorCode.INVALID_XPATH_SELECTOR \\\n                or status in ErrorCode.INVALID_XPATH_SELECTOR_RETURN_TYPER:\n            exception_class = InvalidSelectorException\n        elif status in ErrorCode.ELEMENT_IS_NOT_SELECTABLE:\n            exception_class = ElementNotSelectableException\n        elif status in ErrorCode.ELEMENT_NOT_INTERACTABLE:\n            exception_class = ElementNotInteractableException\n        elif status in ErrorCode.INVALID_COOKIE_DOMAIN:\n            exception_class = InvalidCookieDomainException\n        elif status in ErrorCode.UNABLE_TO_SET_COOKIE:\n            exception_class = UnableToSetCookieException\n        elif status in ErrorCode.TIMEOUT:\n            exception_class = TimeoutException\n        elif status in ErrorCode.SCRIPT_TIMEOUT:\n            exception_class = TimeoutException\n        elif status in ErrorCode.UNKNOWN_ERROR:\n            exception_class = WebDriverException\n        elif status in ErrorCode.UNEXPECTED_ALERT_OPEN:\n            exception_class = UnexpectedAlertPresentException\n        elif status in ErrorCode.NO_ALERT_OPEN:\n            exception_class = NoAlertPresentException\n        elif status in ErrorCode.IME_NOT_AVAILABLE:\n            exception_class = ImeNotAvailableException\n        elif status in ErrorCode.IME_ENGINE_ACTIVATION_FAILED:\n            exception_class = ImeActivationFailedException\n        elif status in ErrorCode.MOVE_TARGET_OUT_OF_BOUNDS:\n            exception_class = MoveTargetOutOfBoundsException\n        elif status in ErrorCode.JAVASCRIPT_ERROR:\n            exception_class = JavascriptException\n        elif status in ErrorCode.SESSION_NOT_CREATED:\n            exception_class = SessionNotCreatedException\n        elif status in ErrorCode.INVALID_ARGUMENT:\n            exception_class = InvalidArgumentException\n        elif status in ErrorCode.NO_SUCH_COOKIE:\n            exception_class = NoSuchCookieException\n        elif status in ErrorCode.UNABLE_TO_CAPTURE_SCREEN:\n            exception_class = ScreenshotException\n        elif status in ErrorCode.ELEMENT_CLICK_INTERCEPTED:\n            exception_class = ElementClickInterceptedException\n        elif status in ErrorCode.INSECURE_CERTIFICATE:\n            exception_class = InsecureCertificateException\n        elif status in ErrorCode.INVALID_COORDINATES:\n            exception_class = InvalidCoordinatesException\n        elif status in ErrorCode.INVALID_SESSION_ID:\n            exception_class = InvalidSessionIdException\n        elif status in ErrorCode.UNKNOWN_METHOD:\n            exception_class = UnknownMethodException\n        else:\n            exception_class = WebDriverException\n        if value == '' or value is None:\n            value = response['value']\n        if isinstance(value, basestring):\n            if exception_class == ErrorInResponseException:\n                raise exception_class(response, value)\n            raise exception_class(value)\n        if message == \"\" and 'message' in value:\n            message = value['message']\n    \n        screen = None\n        if 'screen' in value:\n            screen = value['screen']\n    \n        stacktrace = None\n        if 'stackTrace' in value and value['stackTrace']:\n            stacktrace = []\n            try:\n                for frame in value['stackTrace']:\n                    line = self._value_or_default(frame, 'lineNumber', '')\n                    file = self._value_or_default(frame, 'fileName', '<anonymous>')\n                    if line:\n                        file = \"%s:%s\" % (file, line)\n                    meth = self._value_or_default(frame, 'methodName', '<anonymous>')\n                    if 'className' in frame:\n                        meth = \"%s.%s\" % (frame['className'], meth)\n                    msg = \"    at %s (%s)\"\n                    msg = msg % (meth, file)\n                    stacktrace.append(msg)\n            except TypeError:\n                pass\n        if exception_class == ErrorInResponseException:\n            raise exception_class(response, message)\n        elif exception_class == UnexpectedAlertPresentException:\n            alert_text = None\n            if 'data' in value:\n                alert_text = value['data'].get('text')\n            elif 'alert' in value:\n                alert_text = value['alert'].get('text')\n            raise exception_class(message, screen, stacktrace, alert_text)\n>       raise exception_class(message, screen, stacktrace)\nE       selenium.common.exceptions.WebDriverException: Message: An unknown server-side error occurred while processing the command. Original error: Could not proxy command to remote server. Original error: Error: socket hang up\n\nD:\\daima\\venv\\lib\\site-packages\\selenium\\webdriver\\remote\\errorhandler.py:242: WebDriverException"}, "steps": [{"name": "点击验证码登录", "status": "passed", "start": 1618301665959, "stop": 1618301666985}, {"name": "点击输入手机号码", "status": "passed", "start": 1618301666987, "stop": 1618301669598}, {"name": "点击获取验证码", "status": "passed", "start": 1618301669599, "stop": 1618301672306}, {"name": "输入验证码", "status": "broken", "statusDetails": {"message": "AttributeError: 'NoneType' object has no attribute 'click'\n", "trace": "  File \"D:\\appiumdm\\Appium_AutoTest\\testcase\\operate\\KeywordOperatePytest.py\", line 162, in step\n    action_method(**param_value)\n  File \"D:\\appiumdm\\Appium_AutoTest\\base\\BaseAction.py\", line 106, in click_btn\n    loc.click()\n"}, "start": 1618301673414, "stop": 1618301680248}], "attachments": [{"name": "log", "source": "a096eb3c-a83e-4f82-bf21-c47741a6c3b8-attachment.txt", "type": "text/plain"}], "parameters": [{"name": "run_case", "value": "{'TC_ID': 'TC_Lg_Verification ', 'CASE_ID': 'Case_004', '是否运行': 'y', '用例名称': '验证码登录', '测试数据': 'username=13129559867', '期望结果': '', '备注': '验证码登录功能测试', '描述': '验证码登录'}"}], "start": 1618301664206, "stop": 1618301680320, "uuid": "0ae1ff56-5ef1-4abd-93e4-0a431bbc43b8", "historyId": "09d1def909cb056249b96d75b8c275b2", "testCaseId": "d0da37f9ca5c76a26b8f92b7592b9368", "fullName": "testcase.TestKeywords.TestKeyword#test_run", "labels": [{"name": "feature", "value": "验证码登录功能测试"}, {"name": "story", "value": "验证码登录"}, {"name": "parentSuite", "value": "testcase"}, {"name": "suite", "value": "TestKeywords"}, {"name": "subSuite", "value": "TestKeyword"}, {"name": "host", "value": "hanlizhi-pc"}, {"name": "thread", "value": "14692-MainThread"}, {"name": "framework", "value": "pytest"}, {"name": "language", "value": "cpython3"}, {"name": "package", "value": "testcase.TestKeywords"}]}