{"name": "Case_005-购买星动手机", "status": "failed", "statusDetails": {"message": "AssertionError", "trace": "self = <testcase.TestKeywords.TestKeyword object at 0x0000028485939D30>\nstart_appium_desired = <appium.webdriver.webdriver.WebDriver (session=\"5ddb45e7-5b4c-4df4-8393-6578fab16821\")>\nrun_case = {'CASE_ID': 'Case_005', 'TC_ID': 'TC_Purchase', '备注': '购买星动云手机', '描述': '购买星动云手机流程', ...}\n\n    @pytest.mark.parametrize(\"run_case\", run_list)\n    def test_run(self, start_appium_desired, run_case):\n        self.driver = start_appium_desired\n        self.driver.launch_app()\n    \n        log.info(\"执行用例内容{}\".format(run_case))\n>       Operate(self.driver).step(data, run_case)\n\ntestcase\\TestKeywords.py:34: \n_ _ _ _ _ _ _ _ _ _ _ _ _ _ _ _ _ _ _ _ _ _ _ _ _ _ _ _ _ _ _ _ _ _ _ _ _ _ _ _\nbase\\BaseAction.py:256: in get_err_screenshot\n    raise e\nbase\\BaseAction.py:250: in get_err_screenshot\n    func(self, *args, **kwargs)\ntestcase\\operate\\KeywordOperatePytest.py:189: in step\n    action_method(**param_value)\n_ _ _ _ _ _ _ _ _ _ _ _ _ _ _ _ _ _ _ _ _ _ _ _ _ _ _ _ _ _ _ _ _ _ _ _ _ _ _ _\n\nself = <base.BaseAction.Action object at 0x0000028485904A90>\nkwargs = {'by': 'xpath', 'expect': '支付取消', 'slid': '', 'value': '//*[contains(@text,\\'\" + text + \"\\')]'}\ntoast_result = True\n\n    def assert_toast_result(self, **kwargs):\n        toast_result = self.is_toast_get_toast(**kwargs)\n>       assert toast_result == False\nE       AssertionError\n\nbase\\BaseAction.py:234: AssertionError"}, "steps": [{"name": "点击购买手机", "status": "passed", "start": 1618627885923, "stop": 1618627929770}, {"name": "点击星动", "status": "passed", "start": 1618627929771, "stop": 1618627931855}, {"name": "点击手机数量+1", "status": "passed", "start": 1618627931860, "stop": 1618627931956}, {"name": "点击手机数量+1", "status": "passed", "start": 1618627931957, "stop": 1618627932660}, {"name": "点击手机数量-1", "status": "passed", "start": 1618627932664, "stop": 1618627933259}, {"name": "向下滑动", "status": "passed", "start": 1618627933260, "stop": 1618627936344}, {"name": "点击微信支付", "status": "passed", "start": 1618627936349, "stop": 1618627936467}, {"name": "点击确定购买", "status": "passed", "start": 1618627936468, "stop": 1618627937150}, {"name": "点击确认支付", "status": "passed", "start": 1618627937151, "stop": 1618627938413}, {"name": "点击左上角返回", "status": "passed", "start": 1618627938414, "stop": 1618627940675}, {"name": "点击放弃", "status": "passed", "start": 1618627940676, "stop": 1618627941373}, {"name": "获取验证", "status": "failed", "statusDetails": {"message": "AssertionError\n", "trace": "  File \"D:\\Appium_AutoTest-Mobile\\testcase\\operate\\KeywordOperatePytest.py\", line 189, in step\n    action_method(**param_value)\n  File \"D:\\Appium_AutoTest-Mobile\\base\\BaseAction.py\", line 234, in assert_toast_result\n    assert toast_result == False\n"}, "start": 1618627941375, "stop": 1618627942135}], "attachments": [{"name": "2021-04-17 10:52:23", "source": "f341dc6f-c9d8-47bd-821c-429cfd532753-attachment.png", "type": "image/png"}, {"name": "log", "source": "b78ffb9a-36f2-4e4a-b5cc-cc0eae7960b5-attachment.txt", "type": "text/plain"}], "parameters": [{"name": "run_case", "value": "{'TC_ID': 'TC_Purchase', 'CASE_ID': 'Case_005', '是否运行': 'y', '用例名称': '购买星动手机', '测试数据': 'username=13333333333,password=ty123456', '期望结果': '支付取消', '备注': '购买星动云手机', '描述': '购买星动云手机流程'}"}], "start": 1618627884893, "stop": 1618627943055, "uuid": "58ffe4fc-1a85-416a-9c44-0f1ee9e9f88d", "historyId": "09d1def909cb056249b96d75b8c275b2", "testCaseId": "d0da37f9ca5c76a26b8f92b7592b9368", "fullName": "testcase.TestKeywords.TestKeyword#test_run", "labels": [{"name": "feature", "value": "购买星动云手机"}, {"name": "story", "value": "购买星动云手机流程"}, {"name": "parentSuite", "value": "testcase"}, {"name": "suite", "value": "TestKeywords"}, {"name": "subSuite", "value": "TestKeyword"}, {"name": "host", "value": "hanlizhi-pc"}, {"name": "thread", "value": "1456-MainThread"}, {"name": "framework", "value": "pytest"}, {"name": "language", "value": "cpython3"}, {"name": "package", "value": "testcase.TestKeywords"}]}