{"name": "Case_001-登录失败", "status": "failed", "statusDetails": {"message": "AssertionError", "trace": "self = <testcase.TestKeywords.TestKeyword object at 0x0000022030D466A0>\nstart_appium_desired = <appium.webdriver.webdriver.WebDriver (session=\"a75c065f-4413-4457-9375-023aa51483b5\")>\nrun_case = {'CASE_ID': 'Case_001', 'TC_ID': 'TC_Login', '备注': '登录功能测试', '描述': '登录测试', ...}\n\n    @pytest.mark.parametrize(\"run_case\", run_list)\n    def test_run(self, start_appium_desired, run_case):\n        self.driver = start_appium_desired\n        self.driver.launch_app()\n        log.info(\"执行用例内容{}\".format(run_case))\n>       Operate(self.driver).step(data, run_case)\n\ntestcase\\TestKeywords.py:32: \n_ _ _ _ _ _ _ _ _ _ _ _ _ _ _ _ _ _ _ _ _ _ _ _ _ _ _ _ _ _ _ _ _ _ _ _ _ _ _ _\nbase\\BaseAction.py:125: in get_err_screenshot\n    raise e\nbase\\BaseAction.py:119: in get_err_screenshot\n    func(self, *args, **kwargs)\ntestcase\\operate\\KeywordOperatePytest.py:107: in step\n    action_method(**param_value)\n_ _ _ _ _ _ _ _ _ _ _ _ _ _ _ _ _ _ _ _ _ _ _ _ _ _ _ _ _ _ _ _ _ _ _ _ _ _ _ _\n\nself = <base.BaseAction.Action object at 0x0000022030DCD278>\nkwargs = {'by': 'xpath', 'expect': '错误', 'value': '//*[contains(@text,\\'\" + text + \"\\')]'}\ntoast_result = True\n\n    def assert_toast_result(self, **kwargs):\n        toast_result = self.is_toast_get_toast(**kwargs)\n>       assert toast_result == False\nE       AssertionError\n\nbase\\BaseAction.py:103: AssertionError"}, "steps": [{"name": "输入用户名", "status": "passed", "start": 1617697597009, "stop": 1617697599092}, {"name": "输入密码", "status": "passed", "start": 1617697599094, "stop": 1617697600848}, {"name": "点击登录", "status": "passed", "start": 1617697600849, "stop": 1617697601494}, {"name": "获取验证", "status": "failed", "statusDetails": {"message": "AssertionError\n", "trace": "  File \"D:\\appiumdm\\Appium_AutoTest\\testcase\\operate\\KeywordOperatePytest.py\", line 107, in step\n    action_method(**param_value)\n  File \"D:\\appiumdm\\Appium_AutoTest\\base\\BaseAction.py\", line 103, in assert_toast_result\n    assert toast_result == False\n"}, "start": 1617697601495, "stop": 1617697602470}], "attachments": [{"name": "2021-04-06 16:26:42", "source": "95a3e100-307a-47b3-9cbc-a6dae93d78a7-attachment.png", "type": "image/png"}, {"name": "log", "source": "3a4804cf-6d63-4123-ba5c-fa247a17afc9-attachment.txt", "type": "text/plain"}], "parameters": [{"name": "run_case", "value": "{'TC_ID': 'TC_Login', 'CASE_ID': 'Case_001', '是否运行': 'y', '用例名称': '登录失败', '测试数据': 'username=13129559867,password=123456', '期望结果': '错误', '备注': '登录功能测试', '描述': '登录测试'}"}], "start": 1617697593067, "stop": 1617697602748, "uuid": "0a98dc78-b28f-47ea-a479-49cd14bac4b7", "historyId": "09d1def909cb056249b96d75b8c275b2", "testCaseId": "d0da37f9ca5c76a26b8f92b7592b9368", "fullName": "testcase.TestKeywords.TestKeyword#test_run", "labels": [{"name": "feature", "value": "登录功能测试"}, {"name": "story", "value": "登录测试"}, {"name": "parentSuite", "value": "testcase"}, {"name": "suite", "value": "TestKeywords"}, {"name": "subSuite", "value": "TestKeyword"}, {"name": "host", "value": "hanlizhi-pc"}, {"name": "thread", "value": "10796-MainThread"}, {"name": "framework", "value": "pytest"}, {"name": "language", "value": "cpython3"}, {"name": "package", "value": "testcase.TestKeywords"}]}